#
# A fatal error has been detected by the Java Runtime Environment:
#
#  EXCEPTION_IN_PAGE_ERROR (0xc0000006) at pc=0x00007ff841a8ed40, pid=1608, tid=14972
#
# JRE version:  (21.0.7+6) (build )
# Java VM: OpenJDK 64-Bit Server VM (21.0.7+6-LTS, mixed mode, sharing, tiered, compressed class ptrs, unknown gc, windows-amd64)
# Problematic frame:
# V  [jvm.dll+0x25ed40]
#
# No core dump will be written. Minidumps are not enabled by default on client versions of Windows
#
#

---------------  S U M M A R Y ------------

Command Line: -Dclassworlds.conf=D:\Codes\apache-maven-3.9.9-bin\apache-maven-3.9.9\bin\m2.conf -Dmaven.home=D:\Codes\apache-maven-3.9.9-bin\apache-maven-3.9.9 -Dlibrary.jansi.path=D:\Codes\apache-maven-3.9.9-bin\apache-maven-3.9.9\lib\jansi-native -Dmaven.multiModuleProjectDirectory=D:\Codes\UsernameChecker org.codehaus.plexus.classworlds.launcher.Launcher clean package -DskipTests

Host: Intel(R) Core(TM) i3-8100 CPU @ 3.60GHz, 4 cores, 15G,  Windows 10 , 64 bit Build 19041 (10.0.19041.4957)
Time: Sun Nov  2 18:10:14 2025 India Standard Time elapsed time: 5.272433 seconds (0d 0h 0m 5s)

---------------  T H R E A D  ---------------

Current thread is native thread

Stack: [0x000000a85f000000,0x000000a85f100000],  sp=0x000000a85f0fedd8,  free space=1019k
Native frames: (J=compiled Java code, j=interpreted, Vv=VM code, C=native code)
V  [jvm.dll+0x25ed40]
V  [jvm.dll+0xc7519]
V  [jvm.dll+0xc9be9]
V  [jvm.dll+0x85a57c]
V  [jvm.dll+0x45080e]
V  [jvm.dll+0x452451]
C  [jli.dll+0x5278]
C  [ucrtbase.dll+0x21bb2]
C  [KERNEL32.DLL+0x17374]
C  [ntdll.dll+0x4cc91]


siginfo: EXCEPTION_IN_PAGE_ERROR (0xc0000006), data execution prevention violation at address 0x00007ff841a8ed40


Registers:
RAX=0x000000000000000f, RBX=0x0000000000000000, RCX=0x0000000000000e2b, RDX=0x0000000000000000
RSP=0x000000a85f0fedd8, RBP=0x000000a85f0ff340, RSI=0x0000000000000000, RDI=0x0000000000000000
R8 =0x0000000000000002, R9 =0x000000a85f0fed58, R10=0x0000000000000013, R11=0x000000a85f0fece0
R12=0x0000000000000000, R13=0x000000a85f0ff350, R14=0x000000a85f0ff830, R15=0x0000000000000001
RIP=0x00007ff841a8ed40, EFLAGS=0x0000000000010293

XMM[0]=0x0000000000000000 0x3ff0000000000000
XMM[1]=0x0000000000000000 0x0000000000000000
XMM[2]=0x0000000000000000 0x0000000000000000
XMM[3]=0x0000000000000000 0x0000000000000000
XMM[4]=0x0000000000000000 0x0000000000000000
XMM[5]=0x0000000000000000 0x0000000000000000
XMM[6]=0x0000000000000000 0x0000000000000000
XMM[7]=0x0000000000000000 0x0000000000000000
XMM[8]=0x0000000000000000 0x0000000000000000
XMM[9]=0x0000000000000000 0x0000000000000000
XMM[10]=0x0000000000000000 0x0000000000000000
XMM[11]=0x0000000000000000 0x0000000000000000
XMM[12]=0x0000000000000000 0x0000000000000000
XMM[13]=0x0000000000000000 0x0000000000000000
XMM[14]=0x0000000000000000 0x0000000000000000
XMM[15]=0x0000000000000000 0x0000000000000000
  MXCSR=0x00001f80


Top of Stack: (sp=0x000000a85f0fedd8)
0x000000a85f0fedd8:   00007ff8418f7519 00007ff8422b4e78
0x000000a85f0fede8:   00007ff900000000 00007ff842214bf0
0x000000a85f0fedf8:   0000028586e40b50 00007ff8422b4e78
0x000000a85f0fee08:   00007ff8422b4e78 0000028586e65690
0x000000a85f0fee18:   00007ff9112b47b1 7365646f435c3a44
0x000000a85f0fee28:   4b444a6e65704f5c 5f6b646a2d553132
0x000000a85f0fee38:   646e69775f343678 73746f685f73776f
0x000000a85f0fee48:   302e31325f746f70 6b646a5c365f372e
0x000000a85f0fee58:   2b372e302e31322d 78655c62696c5c36
0x000000a85f0fee68:   0000646573720074 0000000000000001
0x000000a85f0fee78:   00007ff8418f5faa 0000028586e65b50
0x000000a85f0fee88:   00007ff841eef4ac 00007ff8424b6450
0x000000a85f0fee98:   0000000000000000 00007ff8f0faf100
0x000000a85f0feea8:   0000028586d41080 00007ff8f0faf1ec
0x000000a85f0feeb8:   00007ff8418f64f9 0000028586e65b50
0x000000a85f0feec8:   00007ff8f0faf1ec 00007ff8f0faf1da
0x000000a85f0feed8:   00007ff8f0faf1da 00007ff800000000
0x000000a85f0feee8:   0000000000000001 0000000000000000
0x000000a85f0feef8:   0000000000000001 00007ff8f0faf1d8
0x000000a85f0fef08:   00007ff8418fc84e 0000028586e3b6b0
0x000000a85f0fef18:   000000a85f0ff010 0000028586e3b6b0
0x000000a85f0fef28:   00000000000000f0 0000028586e42a90
0x000000a85f0fef38:   00007ff900000000 0000000000000018
0x000000a85f0fef48:   0000000000000000 0000000000000000
0x000000a85f0fef58:   0000028586e3b6b0 000000025f0ff030
0x000000a85f0fef68:   0000028500000002 0000028586d402a8
0x000000a85f0fef78:   000000005f0fef58 000000a85f0ff280
0x000000a85f0fef88:   0000028586d40cc0 0000028586d40150
0x000000a85f0fef98:   0000000000000000 0000000000000000
0x000000a85f0fefa8:   0000000000000020 0000000000000018
0x000000a85f0fefb8:   0000000000000004 0000028586e20000
0x000000a85f0fefc8:   000000a85f0ff089 0000000000000002 

Instructions: (pc=0x00007ff841a8ed40)
0x00007ff841a8ec40:   e8 0b aa 22 00 84 c0 75 0c 48 8d 0d 98 28 7b 00
0x00007ff841a8ec50:   e8 5b 0c 02 00 b9 e7 02 00 00 e8 01 b7 22 00 41
0x00007ff841a8ec60:   b9 01 00 00 00 c6 44 24 30 00 4c 8d 44 24 30 33
0x00007ff841a8ec70:   d2 b9 e7 02 00 00 e8 05 db 22 00 80 3d 87 b7 9c
0x00007ff841a8ec80:   00 00 75 07 c6 05 7f b7 9c 00 00 80 3d 02 bb 9c
0x00007ff841a8ec90:   00 00 74 09 80 3d da b7 9c 00 00 75 1c c6 05 d1
0x00007ff841a8eca0:   b7 9c 00 00 c6 05 cb b7 9c 00 00 c6 05 c5 b7 9c
0x00007ff841a8ecb0:   00 00 c6 05 41 6c a3 00 00 80 3d fa b7 9c 00 00
0x00007ff841a8ecc0:   75 18 b9 ce 02 00 00 e8 84 a9 22 00 84 c0 74 0a
0x00007ff841a8ecd0:   c7 05 ca ba 9c 00 00 00 00 00 b9 32 03 00 00 e8
0x00007ff841a8ece0:   6c a9 22 00 84 c0 75 1f b9 ab 00 00 00 e8 5e a9
0x00007ff841a8ecf0:   22 00 84 c0 74 11 48 8b 05 7b bc 9c 00 48 ff c8
0x00007ff841a8ed00:   48 89 05 29 6f a3 00 b9 6d 01 00 00 e8 3f a9 22
0x00007ff841a8ed10:   00 84 c0 74 1c 48 b8 cd cc cc cc cc cc cc cc 48
0x00007ff841a8ed20:   f7 25 02 6c a3 00 48 c1 ea 03 48 89 15 ff 6b a3
0x00007ff841a8ed30:   00 48 83 c4 28 c3 cc cc cc cc cc cc cc cc cc cc
0x00007ff841a8ed40:   40 53 48 83 ec 20 48 8b 1d 8b b8 9c 00 33 c0 89
0x00007ff841a8ed50:   05 c7 cb a2 00 48 85 db 74 2a 8b d0 4c 8d 05 5d
0x00007ff841a8ed60:   22 7b 00 0f 1f 40 00 66 0f 1f 84 00 00 00 00 00
0x00007ff841a8ed70:   0f b6 0c 13 48 ff c2 41 3a 4c 10 ff 75 5a 48 83
0x00007ff841a8ed80:   fa 08 75 ec 83 3d bd 93 9c 00 00 48 8b 1d 1e b8
0x00007ff841a8ed90:   9c 00 0f 84 9c 01 00 00 48 85 db 0f 84 93 01 00
0x00007ff841a8eda0:   00 80 3d 5c bc 9c 00 00 0f 84 86 01 00 00 48 8d
0x00007ff841a8edb0:   43 ff 48 83 f8 02 0f 87 78 01 00 00 48 83 fb 01
0x00007ff841a8edc0:   0f 85 6e 01 00 00 c7 05 4c cb a2 00 01 00 00 00
0x00007ff841a8edd0:   b0 01 48 83 c4 20 5b c3 48 8d 15 e9 21 7b 00 90
0x00007ff841a8ede0:   0f b6 0c 03 48 ff c0 3a 4c 02 ff 75 08 48 83 f8
0x00007ff841a8edf0:   07 75 ed eb 8f 48 8d 15 d4 21 7b 00 48 8b cb e8
0x00007ff841a8ee00:   3a 94 6e 00 85 c0 74 be 48 8d 15 d1 21 7b 00 48
0x00007ff841a8ee10:   8b cb e8 27 94 6e 00 85 c0 0f 84 1e 01 00 00 48
0x00007ff841a8ee20:   8d 15 ca 21 7b 00 48 8b cb e8 10 94 6e 00 85 c0
0x00007ff841a8ee30:   75 38 38 05 04 6b a3 00 0f 85 3d 01 00 00 4c 8d 



---------------  P R O C E S S  ---------------

VM state: not at safepoint (not fully initialized)

VM Mutex/Monitor currently owned by a thread: None

CDS archive(s) mapped at: [0x0000000000000000-0x0000000000000000-0x0000000000000000), size 0, SharedBaseAddress: 0x0000000800000000, ArchiveRelocationMode: 1.
Narrow klass base: 0x0000000000000000, Narrow klass shift: 0, Narrow klass range: 0x0

GC Precious Log:
<Not initialized>


Dynamic libraries:
0x00007ff720810000 - 0x00007ff72081e000 	D:\Codes\OpenJDK21U-jdk_x64_windows_hotspot_21.0.7_6\jdk-21.0.7+6\bin\java.exe
0x00007ff911290000 - 0x00007ff911488000 	C:\WINDOWS\SYSTEM32\ntdll.dll
0x00007ff90f400000 - 0x00007ff90f4c2000 	C:\WINDOWS\System32\KERNEL32.DLL
0x00007ff90e980000 - 0x00007ff90ec7e000 	C:\WINDOWS\System32\KERNELBASE.dll
0x00007ff90ef80000 - 0x00007ff90f080000 	C:\WINDOWS\System32\ucrtbase.dll
0x00007ff8f0fa0000 - 0x00007ff8f0fb8000 	D:\Codes\OpenJDK21U-jdk_x64_windows_hotspot_21.0.7_6\jdk-21.0.7+6\bin\jli.dll
0x00007ff910e20000 - 0x00007ff910fbd000 	C:\WINDOWS\System32\USER32.dll
0x00007ff90ef50000 - 0x00007ff90ef72000 	C:\WINDOWS\System32\win32u.dll
0x00007ff90f2b0000 - 0x00007ff90f2db000 	C:\WINDOWS\System32\GDI32.dll
0x00007ff90f190000 - 0x00007ff90f2a7000 	C:\WINDOWS\System32\gdi32full.dll
0x00007ff8f8670000 - 0x00007ff8f890a000 	C:\WINDOWS\WinSxS\amd64_microsoft.windows.common-controls_6595b64144ccf1df_6.0.19041.4355_none_60b8b9eb71f62e16\COMCTL32.dll
0x00007ff90f080000 - 0x00007ff90f11d000 	C:\WINDOWS\System32\msvcp_win.dll
0x00007ff90f4d0000 - 0x00007ff90f56e000 	C:\WINDOWS\System32\msvcrt.dll
0x00007ff8c9eb0000 - 0x00007ff8c9ece000 	D:\Codes\OpenJDK21U-jdk_x64_windows_hotspot_21.0.7_6\jdk-21.0.7+6\bin\VCRUNTIME140.dll
0x00007ff910540000 - 0x00007ff91056f000 	C:\WINDOWS\System32\IMM32.DLL
0x00007ff8f0f90000 - 0x00007ff8f0f9c000 	D:\Codes\OpenJDK21U-jdk_x64_windows_hotspot_21.0.7_6\jdk-21.0.7+6\bin\vcruntime140_1.dll
0x00007ff845db0000 - 0x00007ff845e3d000 	D:\Codes\OpenJDK21U-jdk_x64_windows_hotspot_21.0.7_6\jdk-21.0.7+6\bin\msvcp140.dll
0x00007ff841830000 - 0x00007ff8425c0000 	D:\Codes\OpenJDK21U-jdk_x64_windows_hotspot_21.0.7_6\jdk-21.0.7+6\bin\server\jvm.dll
0x00007ff90f5e0000 - 0x00007ff90f692000 	C:\WINDOWS\System32\ADVAPI32.dll
0x00007ff9102f0000 - 0x00007ff910390000 	C:\WINDOWS\System32\sechost.dll
0x00007ff90fb90000 - 0x00007ff90fcb3000 	C:\WINDOWS\System32\RPCRT4.dll
0x00007ff90ee70000 - 0x00007ff90ee97000 	C:\WINDOWS\System32\bcrypt.dll
0x00007ff911180000 - 0x00007ff9111eb000 	C:\WINDOWS\System32\WS2_32.dll
0x00007ff8fdd00000 - 0x00007ff8fdd27000 	C:\WINDOWS\SYSTEM32\WINMM.dll
0x00007ff90de80000 - 0x00007ff90decb000 	C:\WINDOWS\SYSTEM32\POWRPROF.dll
0x00007ff909620000 - 0x00007ff90962a000 	C:\WINDOWS\SYSTEM32\VERSION.dll
0x00007ff90dcf0000 - 0x00007ff90dd02000 	C:\WINDOWS\SYSTEM32\UMPDC.dll
0x00007ff90c790000 - 0x00007ff90c7a2000 	C:\WINDOWS\SYSTEM32\kernel.appcore.dll
0x00007ff8d9b10000 - 0x00007ff8d9b1a000 	D:\Codes\OpenJDK21U-jdk_x64_windows_hotspot_21.0.7_6\jdk-21.0.7+6\bin\jimage.dll
0x00007ff8faa10000 - 0x00007ff8fabf4000 	C:\WINDOWS\SYSTEM32\DBGHELP.DLL
0x00007ff8ec2b0000 - 0x00007ff8ec2e4000 	C:\WINDOWS\SYSTEM32\dbgcore.DLL
0x00007ff90ec80000 - 0x00007ff90ed02000 	C:\WINDOWS\System32\bcryptPrimitives.dll

dbghelp: loaded successfully - version: 4.0.5 - missing functions: none
symbol engine: initialized successfully - sym options: 0x614 - pdb path: .;D:\Codes\OpenJDK21U-jdk_x64_windows_hotspot_21.0.7_6\jdk-21.0.7+6\bin;C:\WINDOWS\SYSTEM32;C:\WINDOWS\WinSxS\amd64_microsoft.windows.common-controls_6595b64144ccf1df_6.0.19041.4355_none_60b8b9eb71f62e16;D:\Codes\OpenJDK21U-jdk_x64_windows_hotspot_21.0.7_6\jdk-21.0.7+6\bin\server

VM Arguments:
jvm_args: -Dclassworlds.conf=D:\Codes\apache-maven-3.9.9-bin\apache-maven-3.9.9\bin\m2.conf -Dmaven.home=D:\Codes\apache-maven-3.9.9-bin\apache-maven-3.9.9 -Dlibrary.jansi.path=D:\Codes\apache-maven-3.9.9-bin\apache-maven-3.9.9\lib\jansi-native -Dmaven.multiModuleProjectDirectory=D:\Codes\UsernameChecker 
java_command: org.codehaus.plexus.classworlds.launcher.Launcher clean package -DskipTests
java_class_path (initial): D:\Codes\apache-maven-3.9.9-bin\apache-maven-3.9.9\boot\plexus-classworlds-2.8.0.jar
Launcher Type: SUN_STANDARD

[Global flags]
     bool UseLargePagesIndividualAllocation        = false                                  {pd product} {ergonomic}

Logging:
Log output configuration:
 #0: stdout all=warning uptime,level,tags foldmultilines=false
 #1: stderr all=off uptime,level,tags foldmultilines=false

Environment Variables:
JAVA_HOME=D:\Codes\OpenJDK21U-jdk_x64_windows_hotspot_21.0.7_6\jdk-21.0.7+6
PATH=%JAVA_HOME%\bin;C:\Program Files (x86)\Common Files\Intel\Shared Libraries\redist\intel64\compiler;C:\Users\Sidhant Mourya\Downloads\Compressed\platform-tools_r29.0.4-windows\platform-tools;C:\WINDOWS\system32;C:\WINDOWS;C:\WINDOWS\System32\Wbem;C:\WINDOWS\System32\WindowsPowerShell\v1.0\;C:\WINDOWS\System32\OpenSSH\;C:\Python\Python37;C:\Program Files\Microsoft VS Code\bin;C:\Program Files\dotnet\;C:\Users\Sidhant Mourya\Downloads\Compressed\platform-tools_r29.0.4-windows\platform-tools\adb.exe;C:\Program Files\Microsoft\Web Platform Installer\;C:\Program Files (x86)\Microsoft ASP.NET\ASP.NET Web Pages\v1.0\;C:\Program Files\Microsoft SQL Server\110\Tools\Binn\;C:\Python\Python37\Scripts;D:\scrcpy-win64-v1.17\;C:\Program Files (x86)\NVIDIA Corporation\PhysX\Common;D:\platform-tools;C:\Program Files\Git\cmd;C:\minikube;D:\Softwares\kubectl.exe;D:\Codes\apache-maven-3.9.9-bin\apache-maven-3.9.9\bin;C:\Program Files\NVIDIA Corporation\NVIDIA App\NvDLISR;C:\Program Files\nodejs\;C:\Program Files\Docker\Docker\resources\bin;C:\Users\Sidhant 2\AppData\Local\Microsoft\WindowsApps;C:\Program Files\JetBrains\IntelliJ IDEA Community Edition 2024.3.2.1\bin;;D:\Codes\apache-maven-3.9.9-bin\apache-maven-3.9.9\bin;C:\Users\Sidhant 2\AppData\Local\GitHubDesktop\bin;D:\Codes\OpenJDK21U-jdk_x64_windows_hotspot_21.0.7_6\jdk-21.0.7+6\bin;C:\Users\Sidhant 2\AppData\Roaming\npm;
USERNAME=Sidhant 2
OS=Windows_NT
PROCESSOR_IDENTIFIER=Intel64 Family 6 Model 158 Stepping 11, GenuineIntel
TMP=C:\Users\SIDHAN~2\AppData\Local\Temp
TEMP=C:\Users\SIDHAN~2\AppData\Local\Temp




Periodic native trim disabled

---------------  S Y S T E M  ---------------

OS:
 Windows 10 , 64 bit Build 19041 (10.0.19041.4957)
OS uptime: 1 days 20:43 hours

CPU: total 4 (initial active 0) 
Processor Information for the first 4 processors :
  Max Mhz: 3600, Current Mhz: 3600, Mhz Limit: 3600

Memory: 4k page, system-wide physical 16317M (591M free)
TotalPageFile size 30121M (AvailPageFile size 3509M)
current process WorkingSet (physical memory assigned to process): 8M, peak: 8M
current process commit charge ("private bytes"): 3M, peak: 3M

vm_info: OpenJDK 64-Bit Server VM (21.0.7+6-LTS) for windows-amd64 JRE (21.0.7+6-LTS), built on 2025-04-15T00:00:00Z by "admin" with MS VC++ 17.7 (VS2022)

END.
