#
# A fatal error has been detected by the Java Runtime Environment:
#
#  EXCEPTION_IN_PAGE_ERROR (0xc0000006) at pc=0x00007ff8f0751d15, pid=4324, tid=15352
#
# JRE version: OpenJDK Runtime Environment Temurin-21.0.7+6 (21.0.7+6) (build 21.0.7+6-LTS)
# Java VM: OpenJDK 64-Bit Server VM Temurin-21.0.7+6 (21.0.7+6-LTS, mixed mode, sharing, tiered, compressed oops, compressed class ptrs, g1 gc, windows-amd64)
# Problematic frame:
# C  [jimage.dll+0x1d15]
#
# No core dump will be written. Minidumps are not enabled by default on client versions of Windows
#
# If you would like to submit a bug report, please visit:
#   https://github.com/adoptium/adoptium-support/issues
#

---------------  S U M M A R Y ------------

Command Line: -Dclassworlds.conf=D:\Codes\apache-maven-3.9.9-bin\apache-maven-3.9.9\bin\m2.conf -Dmaven.home=D:\Codes\apache-maven-3.9.9-bin\apache-maven-3.9.9 -Dlibrary.jansi.path=D:\Codes\apache-maven-3.9.9-bin\apache-maven-3.9.9\lib\jansi-native -Dmaven.multiModuleProjectDirectory=D:\Codes\UsernameChecker org.codehaus.plexus.classworlds.launcher.Launcher clean package -DskipTests

Host: Intel(R) Core(TM) i3-8100 CPU @ 3.60GHz, 4 cores, 15G,  Windows 10 , 64 bit Build 19041 (10.0.19041.4957)
Time: Sun Nov  2 23:02:41 2025 India Standard Time elapsed time: 10.661372 seconds (0d 0h 0m 10s)

---------------  T H R E A D  ---------------

Current thread (0x000002be759c0d50):  JavaThread "main"             [_thread_in_vm, id=15352, stack(0x000000cbe3a00000,0x000000cbe3b00000) (1024K)]

Stack: [0x000000cbe3a00000,0x000000cbe3b00000],  sp=0x000000cbe3af9730,  free space=997k
Native frames: (J=compiled Java code, j=interpreted, Vv=VM code, C=native code)
C  [jimage.dll+0x1d15]
C  [jimage.dll+0x25c9]
V  [jvm.dll+0x21e042]
V  [jvm.dll+0x21d136]
V  [jvm.dll+0x820d6c]
V  [jvm.dll+0x821d94]
V  [jvm.dll+0x822362]
V  [jvm.dll+0x4787fb]
C  [java.dll+0x1a2d]

Java frames: (J=compiled Java code, j=interpreted, Vv=VM code)
j  java.lang.ClassLoader.findBootstrapClass(Ljava/lang/String;)Ljava/lang/Class;+0 java.base@21.0.7
j  java.lang.ClassLoader.findBootstrapClassOrNull(Ljava/lang/String;)Ljava/lang/Class;+10 java.base@21.0.7
j  java.lang.System$2.findBootstrapClassOrNull(Ljava/lang/String;)Ljava/lang/Class;+1 java.base@21.0.7
j  jdk.internal.loader.ClassLoaders$BootClassLoader.loadClassOrNull(Ljava/lang/String;Z)Ljava/lang/Class;+4 java.base@21.0.7
j  jdk.internal.loader.BuiltinClassLoader.loadClassOrNull(Ljava/lang/String;)Ljava/lang/Class;+3 java.base@21.0.7
j  jdk.internal.loader.BuiltinClassLoader.loadClassOrNull(Ljava/lang/String;Z)Ljava/lang/Class;+66 java.base@21.0.7
j  jdk.internal.loader.BuiltinClassLoader.loadClass(Ljava/lang/String;Z)Ljava/lang/Class;+3 java.base@21.0.7
j  jdk.internal.loader.ClassLoaders$AppClassLoader.loadClass(Ljava/lang/String;Z)Ljava/lang/Class;+36 java.base@21.0.7
j  java.lang.ClassLoader.loadClass(Ljava/lang/String;)Ljava/lang/Class;+3 java.base@21.0.7
v  ~StubRoutines::call_stub 0x000002be0fb6100d
j  java.lang.Class.getDeclaredMethods0(Z)[Ljava/lang/reflect/Method;+0 java.base@21.0.7
j  java.lang.Class.privateGetDeclaredMethods(Z)[Ljava/lang/reflect/Method;+34 java.base@21.0.7
j  java.lang.Class.getMethodsRecursive(Ljava/lang/String;[Ljava/lang/Class;Z)Ljava/lang/PublicMethods$MethodList;+2 java.base@21.0.7
j  java.lang.Class.getMethod0(Ljava/lang/String;[Ljava/lang/Class;)Ljava/lang/reflect/Method;+14 java.base@21.0.7
j  java.lang.Class.getMethod(Ljava/lang/String;[Ljava/lang/Class;)Ljava/lang/reflect/Method;+26 java.base@21.0.7
j  jdk.internal.misc.MainMethodFinder.findMainMethod(Ljava/lang/Class;)Ljava/lang/reflect/Method;+28 java.base@21.0.7
j  sun.launcher.LauncherHelper.validateMainClass(Ljava/lang/Class;)V+3 java.base@21.0.7
j  sun.launcher.LauncherHelper.checkAndLoadMain(ZILjava/lang/String;)Ljava/lang/Class;+80 java.base@21.0.7
v  ~StubRoutines::call_stub 0x000002be0fb6100d

siginfo: EXCEPTION_IN_PAGE_ERROR (0xc0000006), reading address 0x000002be00022850


Registers:
RAX=0x00000000000011c6, RBX=0x0000000000000002, RCX=0x00007ff8f0756000, RDX=0x000002be0001e138
RSP=0x000000cbe3af9730, RBP=0x000000cbe3af97f0, RSI=0x000002be759c9170, RDI=0x000002be759c9170
R8 =0x00007ff8f0754298, R9 =0x000002be0000001c, R10=0x00007ff8f8c30000, R11=0x00007ff8f0756000
R12=0x000002be1768c570, R13=0x000002be759c0d50, R14=0x000000cbe3afa8b0, R15=0x000002be1768d200
RIP=0x00007ff8f0751d15, EFLAGS=0x0000000000010213

XMM[0]=0x63656c6665722f67 0x6e616c2f6176616a
XMM[1]=0x63656c6665722f67 0x6e616c2f6176616a
XMM[2]=0x7463656c6665722e 0x676e616c2e617661
XMM[3]=0x0000000040cc6000 0x00000000aef56e04
XMM[4]=0x0b003f006463ab84 0xcf8452836c155b30
XMM[5]=0x65677261546e6f69 0x7461636f766e492f
XMM[6]=0x0000000000000000 0x0000000000000000
XMM[7]=0x0000000000000000 0x0000000000000000
XMM[8]=0x0000000000000000 0x0000000000000000
XMM[9]=0x0000000000000000 0x0000000000000000
XMM[10]=0x0000000000000000 0x0000000000000000
XMM[11]=0x0000000000000000 0x0000000000000000
XMM[12]=0x0000000000000000 0x0000000000000000
XMM[13]=0x0000000000000000 0x0000000000000000
XMM[14]=0x0000000000000000 0x0000000000000000
XMM[15]=0x0000000000000000 0x0000000000000000
  MXCSR=0x00001fa0


Register to memory mapping:

RAX=0x00000000000011c6 is an unknown value
RBX=0x0000000000000002 is an unknown value
RCX=0x00007ff8f0756000 jimage.dll
RDX=0x000002be0001e138 points into unknown readable memory: 0x0000001600000001 | 01 00 00 00 16 00 00 00
RSP=0x000000cbe3af9730 is pointing into the stack for thread: 0x000002be759c0d50
RBP=0x000000cbe3af97f0 is pointing into the stack for thread: 0x000002be759c0d50
RSI=0x000002be759c9170 points into unknown readable memory: 0x000002be759ad5a0 | a0 d5 9a 75 be 02 00 00
RDI=0x000002be759c9170 points into unknown readable memory: 0x000002be759ad5a0 | a0 d5 9a 75 be 02 00 00
R8 =0x00007ff8f0754298 jimage.dll
R9 =0x000002be0000001c points into unknown readable memory: ff ff ff ff
R10=0x00007ff8f8c30000 VCRUNTIME140.dll
R11=0x00007ff8f0756000 jimage.dll
R12=0x000002be1768c570 points into unknown readable memory: 0x0000000000000000 | 00 00 00 00 00 00 00 00
R13=0x000002be759c0d50 is a thread
R14=0x000000cbe3afa8b0 is pointing into the stack for thread: 0x000002be759c0d50
R15=0x000002be1768d200 points into unknown readable memory: 0x6e616c2f6176616a | 6a 61 76 61 2f 6c 61 6e

Top of Stack: (sp=0x000000cbe3af9730)
0x000000cbe3af9730:   0000000000000002 000002be759c9170
0x000000cbe3af9740:   0000000000000000 0000000710e01450
0x000000cbe3af9750:   000002be18430f50 0000000000000000
0x000000cbe3af9760:   000000cbe3af9788 000000cbe3af97d8
0x000000cbe3af9770:   000002be0fb689d2 0000000710e06690
0x000000cbe3af9780:   000002be0fb6a3da 0000000710f6e498
0x000000cbe3af9790:   000020ed89b66868 000002be18bc20ea
0x000000cbe3af97a0:   00007ff843c7b040 0000000000000031
0x000000cbe3af97b0:   000002be759c9170 000000cbe3afa8b0
0x000000cbe3af97c0:   0000000000000002 00007ff8f07525c9
0x000000cbe3af97d0:   000000cbe3af97e8 000000cbe3af9838
0x000000cbe3af97e0:   000002be0fb689d2 0000000710f6e498
0x000000cbe3af97f0:   6c2f6176616a2f2f 6c6665722f676e61
0x000000cbe3af9800:   6f766e492f746365 61546e6f69746163
0x000000cbe3af9810:   6563784574656772 6c632e6e6f697470
0x000000cbe3af9820:   000002be00737361 0000000000000000
0x000000cbe3af9830:   000000cbe3af9848 000000cbe3af98a0
0x000000cbe3af9840:   000002be0fb68e78 0000000710f6e498
0x000000cbe3af9850:   0000000710e0c420 000000cbe3af9858
0x000000cbe3af9860:   000002be1882db44 0000000000000004
0x000000cbe3af9870:   000002be18179920 0000000000000000
0x000000cbe3af9880:   0000000710eda1c8 000002be18179890
0x000000cbe3af9890:   0000000000000000 000000cbe3af98b0
0x000000cbe3af98a0:   000000cbe3af9910 000002be0fb689d2
0x000000cbe3af98b0:   0000000000000000 0000000710f6e498
0x000000cbe3af98c0:   0000000710eda8a0 000000cbe3af98c8
0x000000cbe3af98d0:   000002be186aef2b 0000000000000003
0x000000cbe3af98e0:   000002be18067980 0000000000000000
0x000000cbe3af98f0:   0000000710e06930 000002be18069830
0x000000cbe3af9900:   0000000000000000 000000cbe3af9920
0x000000cbe3af9910:   000000cbe3af9988 000002be0fb689d2
0x000000cbe3af9920:   0000000710f6e4d8 0000000710e06690 

Instructions: (pc=0x00007ff8f0751d15)
0x00007ff8f0751c15:   07 46 00 00 e8 5e 0b 00 00 48 8b 74 24 38 48 8b
0x00007ff8f0751c25:   c3 48 8b 5c 24 30 48 83 c4 20 5f c3 ff 43 08 eb
0x00007ff8f0751c35:   dc cc cc 48 89 5c 24 08 48 89 74 24 10 57 48 83
0x00007ff8f0751c45:   ec 20 48 8b d9 48 8b f2 48 8b 49 10 49 8b f8 8b
0x00007ff8f0751c55:   53 30 48 8b 01 ff 50 20 4c 8b 43 50 48 8b d6 48
0x00007ff8f0751c65:   8b 4b 10 44 8b c8 e8 ac fe ff ff 83 f8 ff 74 38
0x00007ff8f0751c75:   48 8b 4b 10 48 8b 53 58 8b c0 4c 8b 01 8b 14 82
0x00007ff8f0751c85:   41 ff 50 20 33 d2 85 c0 74 06 8b d0 48 03 53 60
0x00007ff8f0751c95:   48 8b cf e8 d3 06 00 00 4c 8b c6 48 8b d7 48 8b
0x00007ff8f0751ca5:   cb e8 21 07 00 00 eb 02 32 c0 48 8b 5c 24 30 48
0x00007ff8f0751cb5:   8b 74 24 38 48 83 c4 20 5f c3 cc 40 53 55 56 57
0x00007ff8f0751cc5:   41 56 48 83 ec 70 48 8b 05 66 43 00 00 48 33 c4
0x00007ff8f0751cd5:   48 89 44 24 60 48 8b f9 48 8b ea 48 8b 49 10 4d
0x00007ff8f0751ce5:   8b f0 8b 57 30 48 8b 01 ff 50 20 4c 8b 47 50 48
0x00007ff8f0751cf5:   8b d5 48 8b 4f 10 44 8b c8 e8 19 fe ff ff 83 f8
0x00007ff8f0751d05:   ff 74 61 48 8b 4f 10 48 8b 57 58 8b c0 4c 8b 01
0x00007ff8f0751d15:   8b 14 82 41 ff 50 20 8b f0 85 c0 74 08 8b de 48
0x00007ff8f0751d25:   03 5f 60 eb 02 33 db 33 d2 48 8d 4c 24 20 44 8d
0x00007ff8f0751d35:   42 40 e8 0a 1d 00 00 48 8b d3 48 8d 4c 24 20 e8
0x00007ff8f0751d45:   27 06 00 00 4c 8b c5 48 8d 54 24 20 48 8b cf e8
0x00007ff8f0751d55:   73 06 00 00 84 c0 74 0c 48 8b 44 24 58 49 89 06
0x00007ff8f0751d65:   8b c6 eb 02 33 c0 48 8b 4c 24 60 48 33 cc e8 c8
0x00007ff8f0751d75:   0c 00 00 48 83 c4 70 41 5e 5f 5e 5d 5b c3 cc 48
0x00007ff8f0751d85:   8b 41 70 c3 cc cc cc 48 89 5c 24 08 48 89 6c 24
0x00007ff8f0751d95:   10 48 89 74 24 18 57 41 56 41 57 48 83 ec 40 48
0x00007ff8f0751da5:   8b 6a 30 4d 8b f0 48 8b 72 28 48 8b f9 4c 8b 7a
0x00007ff8f0751db5:   38 48 85 ed 74 7f 80 3d 4e 42 00 00 00 75 22 48
0x00007ff8f0751dc5:   8b cd e8 d0 0b 00 00 4c 8b 4f 40 4c 8b c5 8b 4f
0x00007ff8f0751dd5:   0c 4c 03 ce 48 8b d0 48 8b d8 e8 74 0a 00 00 eb
0x00007ff8f0751de5:   0b 48 8b 59 48 48 03 de 48 03 59 40 48 8b 4f 10
0x00007ff8f0751df5:   8b 57 38 48 8b 01 ff 50 20 48 8b 4f 68 4c 8d 4c
0x00007ff8f0751e05:   24 30 89 44 24 38 4d 8b c7 48 8b 47 10 49 8b d6 


Stack slot to memory mapping:

stack at sp + 0 slots: 0x0000000000000002 is an unknown value
stack at sp + 1 slots: 0x000002be759c9170 points into unknown readable memory: 0x000002be759ad5a0 | a0 d5 9a 75 be 02 00 00
stack at sp + 2 slots: 0x0 is null
stack at sp + 3 slots: 0x0000000710e01450 is an oop: java.lang.Class 
{0x0000000710e01450} - klass: 'java/lang/Class'
 - ---- fields (total size 16 words):
 - private volatile transient 'classRedefinedCount' 'I' @12  0 (0x00000000)
 - injected 'klass' 'J' @16  3015469776200 (0x000002be18013d48)
 - injected 'array_klass' 'J' @24  3015469779496 (0x000002be18014a28)
 - injected 'oop_size' 'I' @32  16 (0x00000010)
 - injected 'static_oop_field_count' 'I' @36  2 (0x00000002)
 - private volatile transient 'cachedConstructor' 'Ljava/lang/reflect/Constructor;' @40  null (0x00000000)
 - private transient 'name' 'Ljava/lang/String;' @44  null (0x00000000)
 - private transient 'module' 'Ljava/lang/Module;' @48  a 'java/lang/Module'{0x0000000710ee1330} (0xe21dc266)
 - private final 'classLoader' 'Ljava/lang/ClassLoader;' @52  null (0x00000000)
 - private transient 'classData' 'Ljava/lang/Object;' @56  null (0x00000000)
 - private transient 'packageName' 'Ljava/lang/String;' @60  null (0x00000000)
 - private final 'componentType' 'Ljava/lang/Class;' @64  null (0x00000000)
 - private volatile transient 'reflectionData' 'Ljava/lang/ref/SoftReference;' @68  null (0x00000000)
 - private volatile transient 'genericInfo' 'Lsun/reflect/generics/repository/ClassRepository;' @72  null (0x00000000)
 - private volatile transient 'enumConstants' '[Ljava/lang/Object;' @76  null (0x00000000)
 - private volatile transient 'enumConstantDirectory' 'Ljava/util/Map;' @80  null (0x00000000)
 - private volatile transient 'annotationData' 'Ljava/lang/Class$AnnotationData;' @84  null (0x00000000)
 - private volatile transient 'annotationType' 'Lsun/reflect/annotation/AnnotationType;' @88  null (0x00000000)
 - transient 'classValueMap' 'Ljava/lang/ClassValue$ClassValueMap;' @92  null (0x00000000)
 - injected 'protection_domain' 'Ljava/lang/Object;' @96  null (0x00000000)
 - injected 'signers_name' 'Ljava/lang/Object;' @100  null (0x00000000)
 - injected 'source_file' 'Ljava/lang/Object;' @104  null (0x00000000)
 - injected '<init_lock>' 'Ljava/lang/Object;' @108  null (0x00000000)
 - signature: Ljava/lang/ClassLoader;
 - ---- static fields (2):
 - private static final 'nocerts' '[Ljava/security/cert/Certificate;' @112  a 'java/security/cert/Certificate'[0] {0x0000000710eda358} (0xe21db46b)
 - private static volatile 'scl' 'Ljava/lang/ClassLoader;' @116  a 'jdk/internal/loader/ClassLoaders$AppClassLoader'{0x0000000710edcf70} (0xe21db9ee)
 - static final synthetic '$assertionsDisabled' 'Z' @120  true (0x01)
stack at sp + 4 slots: {method} {0x000002be18430f58} 'findBootstrapClass' '(Ljava/lang/String;)Ljava/lang/Class;' in 'java/lang/ClassLoader'
stack at sp + 5 slots: 0x0 is null
stack at sp + 6 slots: 0x000000cbe3af9788 is pointing into the stack for thread: 0x000002be759c0d50
stack at sp + 7 slots: 0x000000cbe3af97d8 is pointing into the stack for thread: 0x000002be759c0d50


---------------  P R O C E S S  ---------------

Threads class SMR info:
_java_thread_list=0x000002be17754900, length=11, elements={
0x000002be759c0d50, 0x000002be7f174e80, 0x000002be7f175f40, 0x000002be7f179140,
0x000002be7f17bba0, 0x000002be7f17c7a0, 0x000002be7f17d3a0, 0x000002be7f182630,
0x000002be7f1a30d0, 0x000002be17779940, 0x000002be1777a570
}

Java Threads: ( => current thread )
=>0x000002be759c0d50 JavaThread "main"                              [_thread_in_vm, id=15352, stack(0x000000cbe3a00000,0x000000cbe3b00000) (1024K)]
  0x000002be7f174e80 JavaThread "Reference Handler"          daemon [_thread_blocked, id=2504, stack(0x000000cbe4200000,0x000000cbe4300000) (1024K)]
  0x000002be7f175f40 JavaThread "Finalizer"                  daemon [_thread_blocked, id=19336, stack(0x000000cbe4300000,0x000000cbe4400000) (1024K)]
  0x000002be7f179140 JavaThread "Signal Dispatcher"          daemon [_thread_blocked, id=16956, stack(0x000000cbe4400000,0x000000cbe4500000) (1024K)]
  0x000002be7f17bba0 JavaThread "Attach Listener"            daemon [_thread_blocked, id=20300, stack(0x000000cbe4500000,0x000000cbe4600000) (1024K)]
  0x000002be7f17c7a0 JavaThread "Service Thread"             daemon [_thread_blocked, id=10940, stack(0x000000cbe4600000,0x000000cbe4700000) (1024K)]
  0x000002be7f17d3a0 JavaThread "Monitor Deflation Thread"   daemon [_thread_blocked, id=2704, stack(0x000000cbe4700000,0x000000cbe4800000) (1024K)]
  0x000002be7f182630 JavaThread "C2 CompilerThread0"         daemon [_thread_blocked, id=21084, stack(0x000000cbe4800000,0x000000cbe4900000) (1024K)]
  0x000002be7f1a30d0 JavaThread "C1 CompilerThread0"         daemon [_thread_blocked, id=11764, stack(0x000000cbe4900000,0x000000cbe4a00000) (1024K)]
  0x000002be17779940 JavaThread "Notification Thread"        daemon [_thread_blocked, id=17808, stack(0x000000cbe4a00000,0x000000cbe4b00000) (1024K)]
  0x000002be1777a570 JavaThread "Common-Cleaner"             daemon [_thread_blocked, id=19316, stack(0x000000cbe4b00000,0x000000cbe4c00000) (1024K)]
Total: 11

Other Threads:
  0x000002be7f151970 VMThread "VM Thread"                           [id=14836, stack(0x000000cbe4100000,0x000000cbe4200000) (1024K)] _threads_hazard_ptr=0x000002be17754900
  0x000002be7f140120 WatcherThread "VM Periodic Task Thread"        [id=16812, stack(0x000000cbe4000000,0x000000cbe4100000) (1024K)]
  0x000002be77c785e0 WorkerThread "GC Thread#0"                     [id=21228, stack(0x000000cbe3b00000,0x000000cbe3c00000) (1024K)]
  0x000002be77c89580 ConcurrentGCThread "G1 Main Marker"            [id=21356, stack(0x000000cbe3c00000,0x000000cbe3d00000) (1024K)]
  0x000002be77c89f90 WorkerThread "G1 Conc#0"                       [id=7164, stack(0x000000cbe3d00000,0x000000cbe3e00000) (1024K)]
  0x000002be7f0034e0 ConcurrentGCThread "G1 Refine#0"               [id=10744, stack(0x000000cbe3e00000,0x000000cbe3f00000) (1024K)]
  0x000002be7f005e70 ConcurrentGCThread "G1 Service"                [id=9700, stack(0x000000cbe3f00000,0x000000cbe4000000) (1024K)]
Total: 7

Threads with active compile tasks:
Total: 0

VM state: synchronizing (normal execution)

VM Mutex/Monitor currently owned by a thread:  ([mutex/lock_event])
[0x00007ff843fde308] Threads_lock - owner thread: 0x000002be7f151970

Heap address: 0x0000000701000000, size: 4080 MB, Compressed Oops mode: Zero based, Oop shift amount: 3

CDS archive(s) mapped at: [0x000002be18000000-0x000002be18c80000-0x000002be18c80000), size 13107200, SharedBaseAddress: 0x000002be18000000, ArchiveRelocationMode: 1.
Compressed class space mapped at: 0x000002be19000000-0x000002be59000000, reserved size: 1073741824
Narrow klass base: 0x000002be18000000, Narrow klass shift: 0, Narrow klass range: 0x100000000

GC Precious Log:
 CardTable entry size: 512
 Card Set container configuration: InlinePtr #cards 4 size 8 Array Of Cards #cards 16 size 48 Howl #buckets 8 coarsen threshold 3686 Howl Bitmap #cards 512 size 80 coarsen threshold 460 Card regions per heap region 1 cards per card region 4096
 CPUs: 4 total, 4 available
 Memory: 16317M
 Large Page Support: Disabled
 NUMA Support: Disabled
 Compressed Oops: Enabled (Zero based)
 Heap Region Size: 2M
 Heap Min Capacity: 8M
 Heap Initial Capacity: 256M
 Heap Max Capacity: 4080M
 Pre-touch: Disabled
 Parallel Workers: 4
 Concurrent Workers: 1
 Concurrent Refinement Workers: 4
 Periodic GC: Disabled

Heap:
 garbage-first heap   total 262144K, used 0K [0x0000000701000000, 0x0000000800000000)
  region size 2048K, 1 young (2048K), 0 survivors (0K)
 Metaspace       used 187K, committed 384K, reserved 1114112K
  class space    used 9K, committed 128K, reserved 1048576K

Heap Regions: E=young(eden), S=young(survivor), O=old, HS=humongous(starts), HC=humongous(continues), CS=collection set, F=free, TAMS=top-at-mark-start, PB=parsable bottom
|   0|0x0000000701000000, 0x0000000701000000, 0x0000000701200000|  0%| F|  |TAMS 0x0000000701000000| PB 0x0000000701000000| Untracked 
|   1|0x0000000701200000, 0x0000000701200000, 0x0000000701400000|  0%| F|  |TAMS 0x0000000701200000| PB 0x0000000701200000| Untracked 
|   2|0x0000000701400000, 0x0000000701400000, 0x0000000701600000|  0%| F|  |TAMS 0x0000000701400000| PB 0x0000000701400000| Untracked 
|   3|0x0000000701600000, 0x0000000701600000, 0x0000000701800000|  0%| F|  |TAMS 0x0000000701600000| PB 0x0000000701600000| Untracked 
|   4|0x0000000701800000, 0x0000000701800000, 0x0000000701a00000|  0%| F|  |TAMS 0x0000000701800000| PB 0x0000000701800000| Untracked 
|   5|0x0000000701a00000, 0x0000000701a00000, 0x0000000701c00000|  0%| F|  |TAMS 0x0000000701a00000| PB 0x0000000701a00000| Untracked 
|   6|0x0000000701c00000, 0x0000000701c00000, 0x0000000701e00000|  0%| F|  |TAMS 0x0000000701c00000| PB 0x0000000701c00000| Untracked 
|   7|0x0000000701e00000, 0x0000000701e00000, 0x0000000702000000|  0%| F|  |TAMS 0x0000000701e00000| PB 0x0000000701e00000| Untracked 
|   8|0x0000000702000000, 0x0000000702000000, 0x0000000702200000|  0%| F|  |TAMS 0x0000000702000000| PB 0x0000000702000000| Untracked 
|   9|0x0000000702200000, 0x0000000702200000, 0x0000000702400000|  0%| F|  |TAMS 0x0000000702200000| PB 0x0000000702200000| Untracked 
|  10|0x0000000702400000, 0x0000000702400000, 0x0000000702600000|  0%| F|  |TAMS 0x0000000702400000| PB 0x0000000702400000| Untracked 
|  11|0x0000000702600000, 0x0000000702600000, 0x0000000702800000|  0%| F|  |TAMS 0x0000000702600000| PB 0x0000000702600000| Untracked 
|  12|0x0000000702800000, 0x0000000702800000, 0x0000000702a00000|  0%| F|  |TAMS 0x0000000702800000| PB 0x0000000702800000| Untracked 
|  13|0x0000000702a00000, 0x0000000702a00000, 0x0000000702c00000|  0%| F|  |TAMS 0x0000000702a00000| PB 0x0000000702a00000| Untracked 
|  14|0x0000000702c00000, 0x0000000702c00000, 0x0000000702e00000|  0%| F|  |TAMS 0x0000000702c00000| PB 0x0000000702c00000| Untracked 
|  15|0x0000000702e00000, 0x0000000702e00000, 0x0000000703000000|  0%| F|  |TAMS 0x0000000702e00000| PB 0x0000000702e00000| Untracked 
|  16|0x0000000703000000, 0x0000000703000000, 0x0000000703200000|  0%| F|  |TAMS 0x0000000703000000| PB 0x0000000703000000| Untracked 
|  17|0x0000000703200000, 0x0000000703200000, 0x0000000703400000|  0%| F|  |TAMS 0x0000000703200000| PB 0x0000000703200000| Untracked 
|  18|0x0000000703400000, 0x0000000703400000, 0x0000000703600000|  0%| F|  |TAMS 0x0000000703400000| PB 0x0000000703400000| Untracked 
|  19|0x0000000703600000, 0x0000000703600000, 0x0000000703800000|  0%| F|  |TAMS 0x0000000703600000| PB 0x0000000703600000| Untracked 
|  20|0x0000000703800000, 0x0000000703800000, 0x0000000703a00000|  0%| F|  |TAMS 0x0000000703800000| PB 0x0000000703800000| Untracked 
|  21|0x0000000703a00000, 0x0000000703a00000, 0x0000000703c00000|  0%| F|  |TAMS 0x0000000703a00000| PB 0x0000000703a00000| Untracked 
|  22|0x0000000703c00000, 0x0000000703c00000, 0x0000000703e00000|  0%| F|  |TAMS 0x0000000703c00000| PB 0x0000000703c00000| Untracked 
|  23|0x0000000703e00000, 0x0000000703e00000, 0x0000000704000000|  0%| F|  |TAMS 0x0000000703e00000| PB 0x0000000703e00000| Untracked 
|  24|0x0000000704000000, 0x0000000704000000, 0x0000000704200000|  0%| F|  |TAMS 0x0000000704000000| PB 0x0000000704000000| Untracked 
|  25|0x0000000704200000, 0x0000000704200000, 0x0000000704400000|  0%| F|  |TAMS 0x0000000704200000| PB 0x0000000704200000| Untracked 
|  26|0x0000000704400000, 0x0000000704400000, 0x0000000704600000|  0%| F|  |TAMS 0x0000000704400000| PB 0x0000000704400000| Untracked 
|  27|0x0000000704600000, 0x0000000704600000, 0x0000000704800000|  0%| F|  |TAMS 0x0000000704600000| PB 0x0000000704600000| Untracked 
|  28|0x0000000704800000, 0x0000000704800000, 0x0000000704a00000|  0%| F|  |TAMS 0x0000000704800000| PB 0x0000000704800000| Untracked 
|  29|0x0000000704a00000, 0x0000000704a00000, 0x0000000704c00000|  0%| F|  |TAMS 0x0000000704a00000| PB 0x0000000704a00000| Untracked 
|  30|0x0000000704c00000, 0x0000000704c00000, 0x0000000704e00000|  0%| F|  |TAMS 0x0000000704c00000| PB 0x0000000704c00000| Untracked 
|  31|0x0000000704e00000, 0x0000000704e00000, 0x0000000705000000|  0%| F|  |TAMS 0x0000000704e00000| PB 0x0000000704e00000| Untracked 
|  32|0x0000000705000000, 0x0000000705000000, 0x0000000705200000|  0%| F|  |TAMS 0x0000000705000000| PB 0x0000000705000000| Untracked 
|  33|0x0000000705200000, 0x0000000705200000, 0x0000000705400000|  0%| F|  |TAMS 0x0000000705200000| PB 0x0000000705200000| Untracked 
|  34|0x0000000705400000, 0x0000000705400000, 0x0000000705600000|  0%| F|  |TAMS 0x0000000705400000| PB 0x0000000705400000| Untracked 
|  35|0x0000000705600000, 0x0000000705600000, 0x0000000705800000|  0%| F|  |TAMS 0x0000000705600000| PB 0x0000000705600000| Untracked 
|  36|0x0000000705800000, 0x0000000705800000, 0x0000000705a00000|  0%| F|  |TAMS 0x0000000705800000| PB 0x0000000705800000| Untracked 
|  37|0x0000000705a00000, 0x0000000705a00000, 0x0000000705c00000|  0%| F|  |TAMS 0x0000000705a00000| PB 0x0000000705a00000| Untracked 
|  38|0x0000000705c00000, 0x0000000705c00000, 0x0000000705e00000|  0%| F|  |TAMS 0x0000000705c00000| PB 0x0000000705c00000| Untracked 
|  39|0x0000000705e00000, 0x0000000705e00000, 0x0000000706000000|  0%| F|  |TAMS 0x0000000705e00000| PB 0x0000000705e00000| Untracked 
|  40|0x0000000706000000, 0x0000000706000000, 0x0000000706200000|  0%| F|  |TAMS 0x0000000706000000| PB 0x0000000706000000| Untracked 
|  41|0x0000000706200000, 0x0000000706200000, 0x0000000706400000|  0%| F|  |TAMS 0x0000000706200000| PB 0x0000000706200000| Untracked 
|  42|0x0000000706400000, 0x0000000706400000, 0x0000000706600000|  0%| F|  |TAMS 0x0000000706400000| PB 0x0000000706400000| Untracked 
|  43|0x0000000706600000, 0x0000000706600000, 0x0000000706800000|  0%| F|  |TAMS 0x0000000706600000| PB 0x0000000706600000| Untracked 
|  44|0x0000000706800000, 0x0000000706800000, 0x0000000706a00000|  0%| F|  |TAMS 0x0000000706800000| PB 0x0000000706800000| Untracked 
|  45|0x0000000706a00000, 0x0000000706a00000, 0x0000000706c00000|  0%| F|  |TAMS 0x0000000706a00000| PB 0x0000000706a00000| Untracked 
|  46|0x0000000706c00000, 0x0000000706c00000, 0x0000000706e00000|  0%| F|  |TAMS 0x0000000706c00000| PB 0x0000000706c00000| Untracked 
|  47|0x0000000706e00000, 0x0000000706e00000, 0x0000000707000000|  0%| F|  |TAMS 0x0000000706e00000| PB 0x0000000706e00000| Untracked 
|  48|0x0000000707000000, 0x0000000707000000, 0x0000000707200000|  0%| F|  |TAMS 0x0000000707000000| PB 0x0000000707000000| Untracked 
|  49|0x0000000707200000, 0x0000000707200000, 0x0000000707400000|  0%| F|  |TAMS 0x0000000707200000| PB 0x0000000707200000| Untracked 
|  50|0x0000000707400000, 0x0000000707400000, 0x0000000707600000|  0%| F|  |TAMS 0x0000000707400000| PB 0x0000000707400000| Untracked 
|  51|0x0000000707600000, 0x0000000707600000, 0x0000000707800000|  0%| F|  |TAMS 0x0000000707600000| PB 0x0000000707600000| Untracked 
|  52|0x0000000707800000, 0x0000000707800000, 0x0000000707a00000|  0%| F|  |TAMS 0x0000000707800000| PB 0x0000000707800000| Untracked 
|  53|0x0000000707a00000, 0x0000000707a00000, 0x0000000707c00000|  0%| F|  |TAMS 0x0000000707a00000| PB 0x0000000707a00000| Untracked 
|  54|0x0000000707c00000, 0x0000000707c00000, 0x0000000707e00000|  0%| F|  |TAMS 0x0000000707c00000| PB 0x0000000707c00000| Untracked 
|  55|0x0000000707e00000, 0x0000000707e00000, 0x0000000708000000|  0%| F|  |TAMS 0x0000000707e00000| PB 0x0000000707e00000| Untracked 
|  56|0x0000000708000000, 0x0000000708000000, 0x0000000708200000|  0%| F|  |TAMS 0x0000000708000000| PB 0x0000000708000000| Untracked 
|  57|0x0000000708200000, 0x0000000708200000, 0x0000000708400000|  0%| F|  |TAMS 0x0000000708200000| PB 0x0000000708200000| Untracked 
|  58|0x0000000708400000, 0x0000000708400000, 0x0000000708600000|  0%| F|  |TAMS 0x0000000708400000| PB 0x0000000708400000| Untracked 
|  59|0x0000000708600000, 0x0000000708600000, 0x0000000708800000|  0%| F|  |TAMS 0x0000000708600000| PB 0x0000000708600000| Untracked 
|  60|0x0000000708800000, 0x0000000708800000, 0x0000000708a00000|  0%| F|  |TAMS 0x0000000708800000| PB 0x0000000708800000| Untracked 
|  61|0x0000000708a00000, 0x0000000708a00000, 0x0000000708c00000|  0%| F|  |TAMS 0x0000000708a00000| PB 0x0000000708a00000| Untracked 
|  62|0x0000000708c00000, 0x0000000708c00000, 0x0000000708e00000|  0%| F|  |TAMS 0x0000000708c00000| PB 0x0000000708c00000| Untracked 
|  63|0x0000000708e00000, 0x0000000708e00000, 0x0000000709000000|  0%| F|  |TAMS 0x0000000708e00000| PB 0x0000000708e00000| Untracked 
|  64|0x0000000709000000, 0x0000000709000000, 0x0000000709200000|  0%| F|  |TAMS 0x0000000709000000| PB 0x0000000709000000| Untracked 
|  65|0x0000000709200000, 0x0000000709200000, 0x0000000709400000|  0%| F|  |TAMS 0x0000000709200000| PB 0x0000000709200000| Untracked 
|  66|0x0000000709400000, 0x0000000709400000, 0x0000000709600000|  0%| F|  |TAMS 0x0000000709400000| PB 0x0000000709400000| Untracked 
|  67|0x0000000709600000, 0x0000000709600000, 0x0000000709800000|  0%| F|  |TAMS 0x0000000709600000| PB 0x0000000709600000| Untracked 
|  68|0x0000000709800000, 0x0000000709800000, 0x0000000709a00000|  0%| F|  |TAMS 0x0000000709800000| PB 0x0000000709800000| Untracked 
|  69|0x0000000709a00000, 0x0000000709a00000, 0x0000000709c00000|  0%| F|  |TAMS 0x0000000709a00000| PB 0x0000000709a00000| Untracked 
|  70|0x0000000709c00000, 0x0000000709c00000, 0x0000000709e00000|  0%| F|  |TAMS 0x0000000709c00000| PB 0x0000000709c00000| Untracked 
|  71|0x0000000709e00000, 0x0000000709e00000, 0x000000070a000000|  0%| F|  |TAMS 0x0000000709e00000| PB 0x0000000709e00000| Untracked 
|  72|0x000000070a000000, 0x000000070a000000, 0x000000070a200000|  0%| F|  |TAMS 0x000000070a000000| PB 0x000000070a000000| Untracked 
|  73|0x000000070a200000, 0x000000070a200000, 0x000000070a400000|  0%| F|  |TAMS 0x000000070a200000| PB 0x000000070a200000| Untracked 
|  74|0x000000070a400000, 0x000000070a400000, 0x000000070a600000|  0%| F|  |TAMS 0x000000070a400000| PB 0x000000070a400000| Untracked 
|  75|0x000000070a600000, 0x000000070a600000, 0x000000070a800000|  0%| F|  |TAMS 0x000000070a600000| PB 0x000000070a600000| Untracked 
|  76|0x000000070a800000, 0x000000070a800000, 0x000000070aa00000|  0%| F|  |TAMS 0x000000070a800000| PB 0x000000070a800000| Untracked 
|  77|0x000000070aa00000, 0x000000070aa00000, 0x000000070ac00000|  0%| F|  |TAMS 0x000000070aa00000| PB 0x000000070aa00000| Untracked 
|  78|0x000000070ac00000, 0x000000070ac00000, 0x000000070ae00000|  0%| F|  |TAMS 0x000000070ac00000| PB 0x000000070ac00000| Untracked 
|  79|0x000000070ae00000, 0x000000070ae00000, 0x000000070b000000|  0%| F|  |TAMS 0x000000070ae00000| PB 0x000000070ae00000| Untracked 
|  80|0x000000070b000000, 0x000000070b000000, 0x000000070b200000|  0%| F|  |TAMS 0x000000070b000000| PB 0x000000070b000000| Untracked 
|  81|0x000000070b200000, 0x000000070b200000, 0x000000070b400000|  0%| F|  |TAMS 0x000000070b200000| PB 0x000000070b200000| Untracked 
|  82|0x000000070b400000, 0x000000070b400000, 0x000000070b600000|  0%| F|  |TAMS 0x000000070b400000| PB 0x000000070b400000| Untracked 
|  83|0x000000070b600000, 0x000000070b600000, 0x000000070b800000|  0%| F|  |TAMS 0x000000070b600000| PB 0x000000070b600000| Untracked 
|  84|0x000000070b800000, 0x000000070b800000, 0x000000070ba00000|  0%| F|  |TAMS 0x000000070b800000| PB 0x000000070b800000| Untracked 
|  85|0x000000070ba00000, 0x000000070ba00000, 0x000000070bc00000|  0%| F|  |TAMS 0x000000070ba00000| PB 0x000000070ba00000| Untracked 
|  86|0x000000070bc00000, 0x000000070bc00000, 0x000000070be00000|  0%| F|  |TAMS 0x000000070bc00000| PB 0x000000070bc00000| Untracked 
|  87|0x000000070be00000, 0x000000070be00000, 0x000000070c000000|  0%| F|  |TAMS 0x000000070be00000| PB 0x000000070be00000| Untracked 
|  88|0x000000070c000000, 0x000000070c000000, 0x000000070c200000|  0%| F|  |TAMS 0x000000070c000000| PB 0x000000070c000000| Untracked 
|  89|0x000000070c200000, 0x000000070c200000, 0x000000070c400000|  0%| F|  |TAMS 0x000000070c200000| PB 0x000000070c200000| Untracked 
|  90|0x000000070c400000, 0x000000070c400000, 0x000000070c600000|  0%| F|  |TAMS 0x000000070c400000| PB 0x000000070c400000| Untracked 
|  91|0x000000070c600000, 0x000000070c600000, 0x000000070c800000|  0%| F|  |TAMS 0x000000070c600000| PB 0x000000070c600000| Untracked 
|  92|0x000000070c800000, 0x000000070c800000, 0x000000070ca00000|  0%| F|  |TAMS 0x000000070c800000| PB 0x000000070c800000| Untracked 
|  93|0x000000070ca00000, 0x000000070ca00000, 0x000000070cc00000|  0%| F|  |TAMS 0x000000070ca00000| PB 0x000000070ca00000| Untracked 
|  94|0x000000070cc00000, 0x000000070cc00000, 0x000000070ce00000|  0%| F|  |TAMS 0x000000070cc00000| PB 0x000000070cc00000| Untracked 
|  95|0x000000070ce00000, 0x000000070ce00000, 0x000000070d000000|  0%| F|  |TAMS 0x000000070ce00000| PB 0x000000070ce00000| Untracked 
|  96|0x000000070d000000, 0x000000070d000000, 0x000000070d200000|  0%| F|  |TAMS 0x000000070d000000| PB 0x000000070d000000| Untracked 
|  97|0x000000070d200000, 0x000000070d200000, 0x000000070d400000|  0%| F|  |TAMS 0x000000070d200000| PB 0x000000070d200000| Untracked 
|  98|0x000000070d400000, 0x000000070d400000, 0x000000070d600000|  0%| F|  |TAMS 0x000000070d400000| PB 0x000000070d400000| Untracked 
|  99|0x000000070d600000, 0x000000070d600000, 0x000000070d800000|  0%| F|  |TAMS 0x000000070d600000| PB 0x000000070d600000| Untracked 
| 100|0x000000070d800000, 0x000000070d800000, 0x000000070da00000|  0%| F|  |TAMS 0x000000070d800000| PB 0x000000070d800000| Untracked 
| 101|0x000000070da00000, 0x000000070da00000, 0x000000070dc00000|  0%| F|  |TAMS 0x000000070da00000| PB 0x000000070da00000| Untracked 
| 102|0x000000070dc00000, 0x000000070dc00000, 0x000000070de00000|  0%| F|  |TAMS 0x000000070dc00000| PB 0x000000070dc00000| Untracked 
| 103|0x000000070de00000, 0x000000070de00000, 0x000000070e000000|  0%| F|  |TAMS 0x000000070de00000| PB 0x000000070de00000| Untracked 
| 104|0x000000070e000000, 0x000000070e000000, 0x000000070e200000|  0%| F|  |TAMS 0x000000070e000000| PB 0x000000070e000000| Untracked 
| 105|0x000000070e200000, 0x000000070e200000, 0x000000070e400000|  0%| F|  |TAMS 0x000000070e200000| PB 0x000000070e200000| Untracked 
| 106|0x000000070e400000, 0x000000070e400000, 0x000000070e600000|  0%| F|  |TAMS 0x000000070e400000| PB 0x000000070e400000| Untracked 
| 107|0x000000070e600000, 0x000000070e600000, 0x000000070e800000|  0%| F|  |TAMS 0x000000070e600000| PB 0x000000070e600000| Untracked 
| 108|0x000000070e800000, 0x000000070e800000, 0x000000070ea00000|  0%| F|  |TAMS 0x000000070e800000| PB 0x000000070e800000| Untracked 
| 109|0x000000070ea00000, 0x000000070ea00000, 0x000000070ec00000|  0%| F|  |TAMS 0x000000070ea00000| PB 0x000000070ea00000| Untracked 
| 110|0x000000070ec00000, 0x000000070ec00000, 0x000000070ee00000|  0%| F|  |TAMS 0x000000070ec00000| PB 0x000000070ec00000| Untracked 
| 111|0x000000070ee00000, 0x000000070ee00000, 0x000000070f000000|  0%| F|  |TAMS 0x000000070ee00000| PB 0x000000070ee00000| Untracked 
| 112|0x000000070f000000, 0x000000070f000000, 0x000000070f200000|  0%| F|  |TAMS 0x000000070f000000| PB 0x000000070f000000| Untracked 
| 113|0x000000070f200000, 0x000000070f200000, 0x000000070f400000|  0%| F|  |TAMS 0x000000070f200000| PB 0x000000070f200000| Untracked 
| 114|0x000000070f400000, 0x000000070f400000, 0x000000070f600000|  0%| F|  |TAMS 0x000000070f400000| PB 0x000000070f400000| Untracked 
| 115|0x000000070f600000, 0x000000070f600000, 0x000000070f800000|  0%| F|  |TAMS 0x000000070f600000| PB 0x000000070f600000| Untracked 
| 116|0x000000070f800000, 0x000000070f800000, 0x000000070fa00000|  0%| F|  |TAMS 0x000000070f800000| PB 0x000000070f800000| Untracked 
| 117|0x000000070fa00000, 0x000000070fa00000, 0x000000070fc00000|  0%| F|  |TAMS 0x000000070fa00000| PB 0x000000070fa00000| Untracked 
| 118|0x000000070fc00000, 0x000000070fc00000, 0x000000070fe00000|  0%| F|  |TAMS 0x000000070fc00000| PB 0x000000070fc00000| Untracked 
| 119|0x000000070fe00000, 0x000000070fe00000, 0x0000000710000000|  0%| F|  |TAMS 0x000000070fe00000| PB 0x000000070fe00000| Untracked 
| 120|0x0000000710000000, 0x0000000710000000, 0x0000000710200000|  0%| F|  |TAMS 0x0000000710000000| PB 0x0000000710000000| Untracked 
| 121|0x0000000710200000, 0x0000000710200000, 0x0000000710400000|  0%| F|  |TAMS 0x0000000710200000| PB 0x0000000710200000| Untracked 
| 122|0x0000000710400000, 0x0000000710400000, 0x0000000710600000|  0%| F|  |TAMS 0x0000000710400000| PB 0x0000000710400000| Untracked 
| 123|0x0000000710600000, 0x0000000710600000, 0x0000000710800000|  0%| F|  |TAMS 0x0000000710600000| PB 0x0000000710600000| Untracked 
| 124|0x0000000710800000, 0x0000000710800000, 0x0000000710a00000|  0%| F|  |TAMS 0x0000000710800000| PB 0x0000000710800000| Untracked 
| 125|0x0000000710a00000, 0x0000000710a00000, 0x0000000710c00000|  0%| F|  |TAMS 0x0000000710a00000| PB 0x0000000710a00000| Untracked 
| 126|0x0000000710c00000, 0x0000000710c00000, 0x0000000710e00000|  0%| F|  |TAMS 0x0000000710c00000| PB 0x0000000710c00000| Untracked 
| 127|0x0000000710e00000, 0x0000000710fae360, 0x0000000711000000| 84%| E|  |TAMS 0x0000000710e00000| PB 0x0000000710e00000| Complete 

Card table byte_map: [0x000002be784e0000,0x000002be78ce0000] _byte_map_base: 0x000002be74cd8000

Marking Bits: (CMBitMap*) 0x000002be77c78bf0
 Bits: [0x000002be78ce0000, 0x000002be7cca0000)

Polling page: 0x000002be75980000

Metaspace:

Usage:
  Non-class:    178.48 KB used.
      Class:      9.41 KB used.
       Both:    187.89 KB used.

Virtual space:
  Non-class space:       64.00 MB reserved,     256.00 KB ( <1%) committed,  1 nodes.
      Class space:        1.00 GB reserved,     128.00 KB ( <1%) committed,  1 nodes.
             Both:        1.06 GB reserved,     384.00 KB ( <1%) committed. 

Chunk freelists:
   Non-Class:  11.98 MB
       Class:  15.75 MB
        Both:  27.72 MB

MaxMetaspaceSize: unlimited
CompressedClassSpaceSize: 1.00 GB
Initial GC threshold: 21.00 MB
Current GC threshold: 21.00 MB
CDS: on
 - commit_granule_bytes: 65536.
 - commit_granule_words: 8192.
 - virtual_space_node_default_size: 8388608.
 - enlarge_chunks_in_place: 1.
 - use_allocation_guard: 0.


Internal statistics:

num_allocs_failed_limit: 0.
num_arena_births: 4.
num_arena_deaths: 0.
num_vsnodes_births: 2.
num_vsnodes_deaths: 0.
num_space_committed: 6.
num_space_uncommitted: 0.
num_chunks_returned_to_freelist: 0.
num_chunks_taken_from_freelist: 7.
num_chunk_merges: 0.
num_chunk_splits: 5.
num_chunks_enlarged: 3.
num_inconsistent_stats: 0.

CodeHeap 'non-profiled nmethods': size=120000Kb used=18Kb max_used=18Kb free=119981Kb
 bounds [0x000002be10100000, 0x000002be10370000, 0x000002be17630000]
CodeHeap 'profiled nmethods': size=120000Kb used=87Kb max_used=87Kb free=119912Kb
 bounds [0x000002be08630000, 0x000002be088a0000, 0x000002be0fb60000]
CodeHeap 'non-nmethods': size=5760Kb used=1206Kb max_used=1219Kb free=4553Kb
 bounds [0x000002be0fb60000, 0x000002be0fdd0000, 0x000002be10100000]
 total_blobs=406 nmethods=72 adapters=239
 compilation: enabled
              stopped_count=0, restarted_count=0
 full_count=0

Compilation events (20 events):
Event: 0.084 Thread 0x000002be7f1a30d0 nmethod 64 0x000002be08643190 code [0x000002be08643340, 0x000002be08643500]
Event: 0.084 Thread 0x000002be7f1a30d0   65       3       java.lang.StringLatin1::canEncode (13 bytes)
Event: 0.085 Thread 0x000002be7f1a30d0 nmethod 65 0x000002be08643590 code [0x000002be08643720, 0x000002be08643860]
Event: 0.085 Thread 0x000002be7f1a30d0   66       3       java.lang.AbstractStringBuilder::isLatin1 (19 bytes)
Event: 0.085 Thread 0x000002be7f1a30d0 nmethod 66 0x000002be08643910 code [0x000002be08643ac0, 0x000002be08643c30]
Event: 0.122 Thread 0x000002be7f1a30d0   67       3       java.lang.StringLatin1::indexOfChar (33 bytes)
Event: 0.123 Thread 0x000002be7f1a30d0 nmethod 67 0x000002be08643c90 code [0x000002be08643e40, 0x000002be08644060]
Event: 0.124 Thread 0x000002be7f1a30d0   68       3       java.lang.String::isEmpty (14 bytes)
Event: 0.124 Thread 0x000002be7f1a30d0 nmethod 68 0x000002be08644190 code [0x000002be08644340, 0x000002be086444b0]
Event: 0.126 Thread 0x000002be7f1a30d0   69       3       java.lang.Math::max (11 bytes)
Event: 0.126 Thread 0x000002be7f1a30d0 nmethod 69 0x000002be08644590 code [0x000002be08644720, 0x000002be08644858]
Event: 0.126 Thread 0x000002be7f1a30d0   70       3       java.lang.String::indexOf (37 bytes)
Event: 0.127 Thread 0x000002be7f1a30d0 nmethod 70 0x000002be08644910 code [0x000002be08644b20, 0x000002be08644fa8]
Event: 0.127 Thread 0x000002be7f1a30d0   71       3       java.lang.StringLatin1::indexOf (37 bytes)
Event: 0.128 Thread 0x000002be7f1a30d0 nmethod 71 0x000002be08645190 code [0x000002be08645380, 0x000002be08645878]
Event: 0.205 Thread 0x000002be7f1a30d0   72       3       java.util.zip.ZipUtils::SH (21 bytes)
Event: 0.205 Thread 0x000002be7f1a30d0 nmethod 72 0x000002be08645a90 code [0x000002be08645c40, 0x000002be08645d88]
Event: 0.257 Thread 0x000002be7f182630 nmethod 20 0x000002be10104210 code [0x000002be101043a0, 0x000002be10104568]
Event: 0.257 Thread 0x000002be7f182630   13       4       java.lang.Object::<init> (1 bytes)
Event: 0.260 Thread 0x000002be7f182630 nmethod 13 0x000002be10104610 code [0x000002be101047a0, 0x000002be10104828]

GC Heap History (0 events):
No events

Dll operation events (5 events):
Event: 0.011 Loaded shared library D:\Codes\OpenJDK21U-jdk_x64_windows_hotspot_21.0.7_6\jdk-21.0.7+6\bin\java.dll
Event: 0.042 Loaded shared library D:\Codes\OpenJDK21U-jdk_x64_windows_hotspot_21.0.7_6\jdk-21.0.7+6\bin\jsvml.dll
Event: 0.143 Loaded shared library D:\Codes\OpenJDK21U-jdk_x64_windows_hotspot_21.0.7_6\jdk-21.0.7+6\bin\net.dll
Event: 0.165 Loaded shared library D:\Codes\OpenJDK21U-jdk_x64_windows_hotspot_21.0.7_6\jdk-21.0.7+6\bin\nio.dll
Event: 0.243 Loaded shared library D:\Codes\OpenJDK21U-jdk_x64_windows_hotspot_21.0.7_6\jdk-21.0.7+6\bin\zip.dll

Deoptimization events (0 events):
No events

Classes loaded (7 events):
Event: 0.038 Loading class sun/nio/cs/IBM437
Event: 0.038 Loading class sun/nio/cs/IBM437 done
Event: 0.038 Loading class sun/nio/cs/IBM437$Holder
Event: 0.038 Loading class sun/nio/cs/IBM437$Holder done
Event: 0.052 Loading class jdk/internal/vm/PostVMInitHook
Event: 0.052 Loading class jdk/internal/vm/PostVMInitHook done
Event: 0.284 Loading class java/lang/reflect/InvocationTargetException

Classes unloaded (0 events):
No events

Classes redefined (0 events):
No events

Internal exceptions (0 events):
No events

ZGC Phase Switch (0 events):
No events

VM Operations (3 events):
Event: 0.250 Executing VM operation: HandshakeAllThreads (Deoptimize)
Event: 0.258 Executing VM operation: HandshakeAllThreads (Deoptimize) done
Event: 1.258 Executing VM operation: Cleanup

Memory protections (0 events):
No events

Nmethod flushes (0 events):
No events

Events (11 events):
Event: 0.027 Thread 0x000002be759c0d50 Thread added: 0x000002be759c0d50
Event: 0.040 Thread 0x000002be759c0d50 Thread added: 0x000002be7f174e80
Event: 0.040 Thread 0x000002be759c0d50 Thread added: 0x000002be7f175f40
Event: 0.040 Thread 0x000002be759c0d50 Thread added: 0x000002be7f179140
Event: 0.040 Thread 0x000002be759c0d50 Thread added: 0x000002be7f17bba0
Event: 0.040 Thread 0x000002be759c0d50 Thread added: 0x000002be7f17c7a0
Event: 0.040 Thread 0x000002be759c0d50 Thread added: 0x000002be7f17d3a0
Event: 0.040 Thread 0x000002be759c0d50 Thread added: 0x000002be7f182630
Event: 0.040 Thread 0x000002be759c0d50 Thread added: 0x000002be7f1a30d0
Event: 0.052 Thread 0x000002be759c0d50 Thread added: 0x000002be17779940
Event: 0.120 Thread 0x000002be759c0d50 Thread added: 0x000002be1777a570


Dynamic libraries:
0x00007ff60d770000 - 0x00007ff60d77e000 	D:\Codes\OpenJDK21U-jdk_x64_windows_hotspot_21.0.7_6\jdk-21.0.7+6\bin\java.exe
0x00007ff911290000 - 0x00007ff911488000 	C:\WINDOWS\SYSTEM32\ntdll.dll
0x00007ff90f400000 - 0x00007ff90f4c2000 	C:\WINDOWS\System32\KERNEL32.DLL
0x00007ff90e980000 - 0x00007ff90ec7e000 	C:\WINDOWS\System32\KERNELBASE.dll
0x00007ff90ef80000 - 0x00007ff90f080000 	C:\WINDOWS\System32\ucrtbase.dll
0x00007ff8f8c50000 - 0x00007ff8f8c68000 	D:\Codes\OpenJDK21U-jdk_x64_windows_hotspot_21.0.7_6\jdk-21.0.7+6\bin\jli.dll
0x00007ff8f8c30000 - 0x00007ff8f8c4e000 	D:\Codes\OpenJDK21U-jdk_x64_windows_hotspot_21.0.7_6\jdk-21.0.7+6\bin\VCRUNTIME140.dll
0x00007ff910e20000 - 0x00007ff910fbd000 	C:\WINDOWS\System32\USER32.dll
0x00007ff90ef50000 - 0x00007ff90ef72000 	C:\WINDOWS\System32\win32u.dll
0x00007ff90f2b0000 - 0x00007ff90f2db000 	C:\WINDOWS\System32\GDI32.dll
0x00007ff90f190000 - 0x00007ff90f2a7000 	C:\WINDOWS\System32\gdi32full.dll
0x00007ff90f080000 - 0x00007ff90f11d000 	C:\WINDOWS\System32\msvcp_win.dll
0x00007ff8f8670000 - 0x00007ff8f890a000 	C:\WINDOWS\WinSxS\amd64_microsoft.windows.common-controls_6595b64144ccf1df_6.0.19041.4355_none_60b8b9eb71f62e16\COMCTL32.dll
0x00007ff90f4d0000 - 0x00007ff90f56e000 	C:\WINDOWS\System32\msvcrt.dll
0x00007ff910540000 - 0x00007ff91056f000 	C:\WINDOWS\System32\IMM32.DLL
0x00007ff8f7d80000 - 0x00007ff8f7d8c000 	D:\Codes\OpenJDK21U-jdk_x64_windows_hotspot_21.0.7_6\jdk-21.0.7+6\bin\vcruntime140_1.dll
0x00007ff8cf350000 - 0x00007ff8cf3dd000 	D:\Codes\OpenJDK21U-jdk_x64_windows_hotspot_21.0.7_6\jdk-21.0.7+6\bin\msvcp140.dll
0x00007ff843330000 - 0x00007ff8440c0000 	D:\Codes\OpenJDK21U-jdk_x64_windows_hotspot_21.0.7_6\jdk-21.0.7+6\bin\server\jvm.dll
0x00007ff90f5e0000 - 0x00007ff90f692000 	C:\WINDOWS\System32\ADVAPI32.dll
0x00007ff9102f0000 - 0x00007ff910390000 	C:\WINDOWS\System32\sechost.dll
0x00007ff90fb90000 - 0x00007ff90fcb3000 	C:\WINDOWS\System32\RPCRT4.dll
0x00007ff90ee70000 - 0x00007ff90ee97000 	C:\WINDOWS\System32\bcrypt.dll
0x00007ff911180000 - 0x00007ff9111eb000 	C:\WINDOWS\System32\WS2_32.dll
0x00007ff90de80000 - 0x00007ff90decb000 	C:\WINDOWS\SYSTEM32\POWRPROF.dll
0x00007ff8fdd00000 - 0x00007ff8fdd27000 	C:\WINDOWS\SYSTEM32\WINMM.dll
0x00007ff909620000 - 0x00007ff90962a000 	C:\WINDOWS\SYSTEM32\VERSION.dll
0x00007ff90dcf0000 - 0x00007ff90dd02000 	C:\WINDOWS\SYSTEM32\UMPDC.dll
0x00007ff90c790000 - 0x00007ff90c7a2000 	C:\WINDOWS\SYSTEM32\kernel.appcore.dll
0x00007ff8f0750000 - 0x00007ff8f075a000 	D:\Codes\OpenJDK21U-jdk_x64_windows_hotspot_21.0.7_6\jdk-21.0.7+6\bin\jimage.dll
0x00007ff8faa10000 - 0x00007ff8fabf4000 	C:\WINDOWS\SYSTEM32\DBGHELP.DLL
0x00007ff8ec2b0000 - 0x00007ff8ec2e4000 	C:\WINDOWS\SYSTEM32\dbgcore.DLL
0x00007ff90ec80000 - 0x00007ff90ed02000 	C:\WINDOWS\System32\bcryptPrimitives.dll
0x00007ff8ddda0000 - 0x00007ff8dddbf000 	D:\Codes\OpenJDK21U-jdk_x64_windows_hotspot_21.0.7_6\jdk-21.0.7+6\bin\java.dll
0x00007ff9106a0000 - 0x00007ff910e0f000 	C:\WINDOWS\System32\SHELL32.dll
0x00007ff90c990000 - 0x00007ff90d134000 	C:\WINDOWS\SYSTEM32\windows.storage.dll
0x00007ff90fd70000 - 0x00007ff9100c3000 	C:\WINDOWS\System32\combase.dll
0x00007ff90e280000 - 0x00007ff90e2ae000 	C:\WINDOWS\SYSTEM32\Wldp.dll
0x00007ff9110b0000 - 0x00007ff91117d000 	C:\WINDOWS\System32\OLEAUT32.dll
0x00007ff90fcc0000 - 0x00007ff90fd6d000 	C:\WINDOWS\System32\SHCORE.dll
0x00007ff9111f0000 - 0x00007ff911245000 	C:\WINDOWS\System32\shlwapi.dll
0x00007ff90e860000 - 0x00007ff90e884000 	C:\WINDOWS\SYSTEM32\profapi.dll
0x00007ff8c9910000 - 0x00007ff8c99e7000 	D:\Codes\OpenJDK21U-jdk_x64_windows_hotspot_21.0.7_6\jdk-21.0.7+6\bin\jsvml.dll
0x00007ff8ef690000 - 0x00007ff8ef6a0000 	D:\Codes\OpenJDK21U-jdk_x64_windows_hotspot_21.0.7_6\jdk-21.0.7+6\bin\net.dll
0x00007ff907a40000 - 0x00007ff907b4d000 	C:\WINDOWS\SYSTEM32\WINHTTP.dll
0x00007ff90e060000 - 0x00007ff90e0ca000 	C:\WINDOWS\system32\mswsock.dll
0x00007ff8ddd50000 - 0x00007ff8ddd66000 	D:\Codes\OpenJDK21U-jdk_x64_windows_hotspot_21.0.7_6\jdk-21.0.7+6\bin\nio.dll
0x00007ff8ddb40000 - 0x00007ff8ddb58000 	D:\Codes\OpenJDK21U-jdk_x64_windows_hotspot_21.0.7_6\jdk-21.0.7+6\bin\zip.dll

dbghelp: loaded successfully - version: 4.0.5 - missing functions: none
symbol engine: initialized successfully - sym options: 0x614 - pdb path: .;D:\Codes\OpenJDK21U-jdk_x64_windows_hotspot_21.0.7_6\jdk-21.0.7+6\bin;C:\WINDOWS\SYSTEM32;C:\WINDOWS\WinSxS\amd64_microsoft.windows.common-controls_6595b64144ccf1df_6.0.19041.4355_none_60b8b9eb71f62e16;D:\Codes\OpenJDK21U-jdk_x64_windows_hotspot_21.0.7_6\jdk-21.0.7+6\bin\server

VM Arguments:
jvm_args: -Dclassworlds.conf=D:\Codes\apache-maven-3.9.9-bin\apache-maven-3.9.9\bin\m2.conf -Dmaven.home=D:\Codes\apache-maven-3.9.9-bin\apache-maven-3.9.9 -Dlibrary.jansi.path=D:\Codes\apache-maven-3.9.9-bin\apache-maven-3.9.9\lib\jansi-native -Dmaven.multiModuleProjectDirectory=D:\Codes\UsernameChecker 
java_command: org.codehaus.plexus.classworlds.launcher.Launcher clean package -DskipTests
java_class_path (initial): D:\Codes\apache-maven-3.9.9-bin\apache-maven-3.9.9\boot\plexus-classworlds-2.8.0.jar
Launcher Type: SUN_STANDARD

[Global flags]
     intx CICompilerCount                          = 3                                         {product} {ergonomic}
     uint ConcGCThreads                            = 1                                         {product} {ergonomic}
     uint G1ConcRefinementThreads                  = 4                                         {product} {ergonomic}
   size_t G1HeapRegionSize                         = 2097152                                   {product} {ergonomic}
    uintx GCDrainStackTargetSize                   = 64                                        {product} {ergonomic}
   size_t InitialHeapSize                          = 268435456                                 {product} {ergonomic}
   size_t MarkStackSize                            = 4194304                                   {product} {ergonomic}
   size_t MaxHeapSize                              = 4278190080                                {product} {ergonomic}
   size_t MaxNewSize                               = 2566914048                                {product} {ergonomic}
   size_t MinHeapDeltaBytes                        = 2097152                                   {product} {ergonomic}
   size_t MinHeapSize                              = 8388608                                   {product} {ergonomic}
    uintx NonNMethodCodeHeapSize                   = 5832780                                {pd product} {ergonomic}
    uintx NonProfiledCodeHeapSize                  = 122912730                              {pd product} {ergonomic}
    uintx ProfiledCodeHeapSize                     = 122912730                              {pd product} {ergonomic}
    uintx ReservedCodeCacheSize                    = 251658240                              {pd product} {ergonomic}
     bool SegmentedCodeCache                       = true                                      {product} {ergonomic}
   size_t SoftMaxHeapSize                          = 4278190080                             {manageable} {ergonomic}
     bool UseCompressedOops                        = true                           {product lp64_product} {ergonomic}
     bool UseG1GC                                  = true                                      {product} {ergonomic}
     bool UseLargePagesIndividualAllocation        = false                                  {pd product} {ergonomic}

Logging:
Log output configuration:
 #0: stdout all=warning uptime,level,tags foldmultilines=false
 #1: stderr all=off uptime,level,tags foldmultilines=false

Environment Variables:
JAVA_HOME=D:\Codes\OpenJDK21U-jdk_x64_windows_hotspot_21.0.7_6\jdk-21.0.7+6
PATH=%JAVA_HOME%\bin;C:\Program Files (x86)\Common Files\Intel\Shared Libraries\redist\intel64\compiler;C:\Users\Sidhant Mourya\Downloads\Compressed\platform-tools_r29.0.4-windows\platform-tools;C:\WINDOWS\system32;C:\WINDOWS;C:\WINDOWS\System32\Wbem;C:\WINDOWS\System32\WindowsPowerShell\v1.0\;C:\WINDOWS\System32\OpenSSH\;C:\Python\Python37;C:\Program Files\Microsoft VS Code\bin;C:\Program Files\dotnet\;C:\Users\Sidhant Mourya\Downloads\Compressed\platform-tools_r29.0.4-windows\platform-tools\adb.exe;C:\Program Files\Microsoft\Web Platform Installer\;C:\Program Files (x86)\Microsoft ASP.NET\ASP.NET Web Pages\v1.0\;C:\Program Files\Microsoft SQL Server\110\Tools\Binn\;C:\Python\Python37\Scripts;D:\scrcpy-win64-v1.17\;C:\Program Files (x86)\NVIDIA Corporation\PhysX\Common;D:\platform-tools;C:\Program Files\Git\cmd;C:\minikube;D:\Softwares\kubectl.exe;D:\Codes\apache-maven-3.9.9-bin\apache-maven-3.9.9\bin;C:\Program Files\NVIDIA Corporation\NVIDIA App\NvDLISR;C:\Program Files\nodejs\;C:\Program Files\Docker\Docker\resources\bin;C:\Users\Sidhant 2\AppData\Local\Microsoft\WindowsApps;C:\Program Files\JetBrains\IntelliJ IDEA Community Edition 2024.3.2.1\bin;;D:\Codes\apache-maven-3.9.9-bin\apache-maven-3.9.9\bin;C:\Users\Sidhant 2\AppData\Local\GitHubDesktop\bin;D:\Codes\OpenJDK21U-jdk_x64_windows_hotspot_21.0.7_6\jdk-21.0.7+6\bin;C:\Users\Sidhant 2\AppData\Roaming\npm;
USERNAME=Sidhant 2
OS=Windows_NT
PROCESSOR_IDENTIFIER=Intel64 Family 6 Model 158 Stepping 11, GenuineIntel
TMP=C:\Users\SIDHAN~2\AppData\Local\Temp
TEMP=C:\Users\SIDHAN~2\AppData\Local\Temp




Periodic native trim disabled

---------------  S Y S T E M  ---------------

OS:
 Windows 10 , 64 bit Build 19041 (10.0.19041.4957)
OS uptime: 2 days 1:36 hours
Hyper-V role detected

CPU: total 4 (initial active 4) (4 cores per cpu, 1 threads per core) family 6 model 158 stepping 11 microcode 0xea, cx8, cmov, fxsr, mmx, 3dnowpref, sse, sse2, sse3, ssse3, sse4.1, sse4.2, popcnt, lzcnt, tsc, tscinvbit, avx, avx2, aes, erms, clmul, bmi1, bmi2, adx, fma, vzeroupper, clflush, clflushopt, hv, rdtscp, f16c
Processor Information for the first 4 processors :
  Max Mhz: 3600, Current Mhz: 3600, Mhz Limit: 3600

Memory: 4k page, system-wide physical 16317M (3896M free)
TotalPageFile size 38811M (AvailPageFile size 19464M)
current process WorkingSet (physical memory assigned to process): 34M, peak: 34M
current process commit charge ("private bytes"): 330M, peak: 331M

vm_info: OpenJDK 64-Bit Server VM (21.0.7+6-LTS) for windows-amd64 JRE (21.0.7+6-LTS), built on 2025-04-15T00:00:00Z by "admin" with MS VC++ 17.7 (VS2022)

END.
